[2026-01-04 11:06:44,400] multiqc                                            [DEBUG  ]  This is MultiQC v1.19
[2026-01-04 11:06:44,402] multiqc                                            [DEBUG  ]  Command used: /usr/local/bin/multiqc /data/users/apiatkowska/RNAseq/Step_2_fastQC/fastQC_results --outdir /data/users/apiatkowska/RNAseq/Step_2_fastQC/multiQC_results
[2026-01-04 11:06:44,480] multiqc                                            [DEBUG  ]  Could not connect to multiqc.info for version check: <urlopen error [SSL: CERTIFICATE_VERIFY_FAILED] certificate verify failed: unable to get local issuer certificate (_ssl.c:1006)>
[2026-01-04 11:06:44,480] multiqc                                            [DEBUG  ]  Working dir : /data/users/apiatkowska/RNAseq/Step_2_fastQC
[2026-01-04 11:06:44,480] multiqc                                            [DEBUG  ]  Template    : default
[2026-01-04 11:06:44,480] multiqc                                            [DEBUG  ]  Running Python 3.11.7 | packaged by conda-forge | (main, Dec 15 2023, 08:38:37) [GCC 12.3.0]
[2026-01-04 11:06:44,480] multiqc                                            [DEBUG  ]  Analysing modules: custom_content, ccs, ngsderive, purple, conpair, lima, peddy, somalier, methylQA, mosdepth, phantompeakqualtools, qualimap, preseq, hifiasm, quast, qorts, rna_seqc, rockhopper, rsem, rseqc, busco, bustools, goleft_indexcov, gffcompare, disambiguate, supernova, deeptools, sargasso, verifybamid, mirtrace, happy, mirtop, sambamba, gopeaks, homer, hops, macs2, theta2, snpeff, gatk, htseq, bcftools, featureCounts, fgbio, dragen, dragen_fastqc, dedup, pbmarkdup, damageprofiler, mapdamage, biobambam2, jcvi, mtnucratio, picard, vep, bakta, prokka, qc3C, nanostat, samblaster, samtools, sexdeterrmine, seqera_cli, eigenstratdatabasetools, bamtools, jellyfish, vcftools, longranger, stacks, varscan2, snippy, umitools, truvari, bbmap, bismark, biscuit, diamond, hicexplorer, hicup, hicpro, salmon, kallisto, slamdunk, star, hisat2, tophat, bowtie2, bowtie1, cellranger, snpsplit, odgi, pangolin, nextclade, freyja, humid, kat, leehom, librarian, adapterRemoval, bbduk, clipandmerge, cutadapt, flexbar, sourmash, kaiju, bracken, kraken, malt, motus, trimmomatic, sickle, skewer, sortmerna, biobloomtools, fastq_screen, afterqc, fastp, fastqc, filtlong, prinseqplusplus, pychopper, porechop, pycoqc, minionqc, anglerfish, multivcfanalyzer, clusterflow, checkqc, bcl2fastq, bclconvert, interop, ivar, flash, seqyclean, optitype, whatshap, xenome, xengsort
[2026-01-04 11:06:44,480] multiqc                                            [DEBUG  ]  Using temporary directory for creating report: /scratch/15901287/tmp7vwfh30n
[2026-01-04 11:06:44,483] multiqc                                            [INFO   ]  Search path : /data/users/apiatkowska/RNAseq/Step_2_fastQC/fastQC_results
[2026-01-04 11:06:45,739] multiqc                                            [DEBUG  ]  Summary of files that were skipped by the search: [skipped_module_specific_max_filesize: 390] // [skipped_no_match: 30]
[2026-01-04 11:06:46,765] multiqc.plots.bargraph                             [DEBUG  ]  Using matplotlib version 3.8.2
[2026-01-04 11:06:46,770] multiqc.plots.linegraph                            [DEBUG  ]  Using matplotlib version 3.8.2
[2026-01-04 11:06:46,772] multiqc                                            [DEBUG  ]  No samples found: custom_content
[2026-01-04 11:06:47,772] multiqc.modules.fastqc.fastqc                      [INFO   ]  Found 30 reports
[2026-01-04 11:06:47,819] multiqc.utils.software_versions                    [DEBUG  ]  Reading software versions from config.software_versions
[2026-01-04 11:06:47,842] multiqc                                            [DEBUG  ]  Compressing plot data
[2026-01-04 11:06:48,100] multiqc                                            [INFO   ]  Report      : multiQC_results/multiqc_report.html
[2026-01-04 11:06:48,100] multiqc                                            [INFO   ]  Data        : multiQC_results/multiqc_data
[2026-01-04 11:06:48,100] multiqc                                            [DEBUG  ]  Moving data file from '/scratch/15901287/tmp7vwfh30n/multiqc_data' to '/data/users/apiatkowska/RNAseq/Step_2_fastQC/multiQC_results/multiqc_data'
[2026-01-04 11:06:48,106] multiqc                                            [DEBUG  ]  Full report path: /data/users/apiatkowska/RNAseq/Step_2_fastQC/multiQC_results/multiqc_report.html
[2026-01-04 11:06:48,175] multiqc                                            [INFO   ]  MultiQC complete
